[5fe8e657-134f-462c-8c7f-726c72a089f0] Started HEAD "/" for 127.0.0.1 at 2026-03-30 23:26:02 +0530
[5fe8e657-134f-462c-8c7f-726c72a089f0]   [1m[36mActiveRecord::SchemaMigration Load (0.3ms)[0m  [1m[34mSELECT "schema_migrations"."version" FROM "schema_migrations" ORDER BY "schema_migrations"."version" ASC /*application='LendingRails'*/[0m
[5fe8e657-134f-462c-8c7f-726c72a089f0] Processing by HomeController#index as */*
[5fe8e657-134f-462c-8c7f-726c72a089f0]   Rendering layout layouts/application.html.erb
[5fe8e657-134f-462c-8c7f-726c72a089f0]   Rendering home/index.html.erb within layouts/application
[5fe8e657-134f-462c-8c7f-726c72a089f0]   Rendered home/index.html.erb within layouts/application (Duration: 0.3ms | GC: 0.0ms)
[5fe8e657-134f-462c-8c7f-726c72a089f0]   Rendered layout layouts/application.html.erb (Duration: 37.7ms | GC: 10.5ms)
[5fe8e657-134f-462c-8c7f-726c72a089f0] Completed 200 OK in 58ms (Views: 40.5ms | ActiveRecord: 0.0ms (0 queries, 0 cached) | GC: 10.5ms)


[0a0f5943-e57e-4a4b-a531-2eb13ba660b0] Started GET "/" for ::1 at 2026-03-31 00:15:36 +0530
[0a0f5943-e57e-4a4b-a531-2eb13ba660b0] Processing by HomeController#index as HTML
[0a0f5943-e57e-4a4b-a531-2eb13ba660b0] Redirected to http://localhost:3000/session/new
[0a0f5943-e57e-4a4b-a531-2eb13ba660b0] ↳ app/controllers/concerns/authentication.rb:34:in 'Authentication#request_authentication'
[0a0f5943-e57e-4a4b-a531-2eb13ba660b0] Filter chain halted as :require_authentication rendered or redirected
[0a0f5943-e57e-4a4b-a531-2eb13ba660b0] Completed 302 Found in 7ms (ActiveRecord: 0.0ms (0 queries, 0 cached) | GC: 0.0ms)


[e920638c-91ce-4236-af6f-9cd3bc1a8367] Started GET "/session/new" for ::1 at 2026-03-31 00:15:36 +0530
[e920638c-91ce-4236-af6f-9cd3bc1a8367] Processing by SessionsController#new as HTML
[e920638c-91ce-4236-af6f-9cd3bc1a8367]   Rendering layout layouts/application.html.erb
[e920638c-91ce-4236-af6f-9cd3bc1a8367]   Rendering sessions/new.html.erb within layouts/application
[e920638c-91ce-4236-af6f-9cd3bc1a8367]   Rendered sessions/new.html.erb within layouts/application (Duration: 2.3ms | GC: 0.0ms)
[e920638c-91ce-4236-af6f-9cd3bc1a8367]   Rendered layout layouts/application.html.erb (Duration: 9.3ms | GC: 0.0ms)
[e920638c-91ce-4236-af6f-9cd3bc1a8367] Completed 200 OK in 13ms (Views: 11.0ms | ActiveRecord: 0.0ms (0 queries, 0 cached) | GC: 0.0ms)


  [1m[36mUser Load (1.3ms)[0m  [1m[34mSELECT "users".* FROM "users" ORDER BY "users"."id" ASC LIMIT 1 /*application='LendingRails'*/[0m
[b46ced9b-6cdd-44bf-83e9-99d7b8d83a01] Started GET "/session/new" for ::1 at 2026-03-31 00:17:08 +0530
[b46ced9b-6cdd-44bf-83e9-99d7b8d83a01]   [1m[36mActiveRecord::SchemaMigration Load (0.6ms)[0m  [1m[34mSELECT "schema_migrations"."version" FROM "schema_migrations" ORDER BY "schema_migrations"."version" ASC /*application='LendingRails'*/[0m
[b46ced9b-6cdd-44bf-83e9-99d7b8d83a01] Processing by SessionsController#new as HTML
[b46ced9b-6cdd-44bf-83e9-99d7b8d83a01]   Rendering layout layouts/application.html.erb
[b46ced9b-6cdd-44bf-83e9-99d7b8d83a01]   Rendering sessions/new.html.erb within layouts/application
[b46ced9b-6cdd-44bf-83e9-99d7b8d83a01]   Rendered sessions/new.html.erb within layouts/application (Duration: 5.0ms | GC: 0.0ms)
[b46ced9b-6cdd-44bf-83e9-99d7b8d83a01]   Rendered layout layouts/application.html.erb (Duration: 44.2ms | GC: 9.9ms)
[b46ced9b-6cdd-44bf-83e9-99d7b8d83a01] Completed 200 OK in 67ms (Views: 47.2ms | ActiveRecord: 0.0ms (0 queries, 0 cached) | GC: 9.9ms)


[e8625757-204b-4190-b107-03db860d21af] Started POST "/session" for ::1 at 2026-03-31 00:17:19 +0530
[e8625757-204b-4190-b107-03db860d21af] Processing by SessionsController#create as HTML
[e8625757-204b-4190-b107-03db860d21af]   Parameters: {"authenticity_token" => "[FILTERED]", "email_address" => "[FILTERED]", "password" => "[FILTERED]", "commit" => "Sign in"}
[e8625757-204b-4190-b107-03db860d21af] [31mUnpermitted parameters: :authenticity_token, :commit. Context: { controller: SessionsController, action: create, request: #<ActionDispatch::Request:0x0000000125e09f68>, params: {"authenticity_token" => "[FILTERED]", "email_address" => "[FILTERED]", "password" => "[FILTERED]", "commit" => "Sign in", "controller" => "sessions", "action" => "create"} }[0m
[e8625757-204b-4190-b107-03db860d21af]   [1m[36mUser Load (1.1ms)[0m  [1m[34mSELECT "users".* FROM "users" WHERE "users"."email_address" = '.@asd' LIMIT 1 /*action='create',application='LendingRails',controller='sessions'*/[0m
[e8625757-204b-4190-b107-03db860d21af]   ↳ app/controllers/sessions_controller.rb:10:in 'SessionsController#create'
[e8625757-204b-4190-b107-03db860d21af] Redirected to http://localhost:3000/session/new
[e8625757-204b-4190-b107-03db860d21af] ↳ app/controllers/sessions_controller.rb:18:in 'SessionsController#create'
[e8625757-204b-4190-b107-03db860d21af] Completed 302 Found in 268ms (ActiveRecord: 13.0ms (1 query, 0 cached) | GC: 0.0ms)


[92fb3d78-412a-4df4-a59b-7bf2103c0912] Started GET "/session/new" for ::1 at 2026-03-31 00:17:20 +0530
[92fb3d78-412a-4df4-a59b-7bf2103c0912] Processing by SessionsController#new as HTML
[92fb3d78-412a-4df4-a59b-7bf2103c0912]   Rendering layout layouts/application.html.erb
[92fb3d78-412a-4df4-a59b-7bf2103c0912]   Rendering sessions/new.html.erb within layouts/application
[92fb3d78-412a-4df4-a59b-7bf2103c0912]   Rendered sessions/new.html.erb within layouts/application (Duration: 0.5ms | GC: 0.0ms)
[92fb3d78-412a-4df4-a59b-7bf2103c0912]   Rendered layout layouts/application.html.erb (Duration: 0.8ms | GC: 0.0ms)
[92fb3d78-412a-4df4-a59b-7bf2103c0912] Completed 200 OK in 2ms (Views: 0.9ms | ActiveRecord: 0.0ms (0 queries, 0 cached) | GC: 0.0ms)


  [1m[36mUser Load (62.5ms)[0m  [1m[34mSELECT "users".* FROM "users" /* loading for pp */ LIMIT 11 /*application='LendingRails'*/[0m
[ef1bc473-133e-49e6-906e-c60c4ccedd0c] Started POST "/session" for ::1 at 2026-03-31 00:18:46 +0530
[ef1bc473-133e-49e6-906e-c60c4ccedd0c] Processing by SessionsController#create as HTML
[ef1bc473-133e-49e6-906e-c60c4ccedd0c]   Parameters: {"authenticity_token" => "[FILTERED]", "email_address" => "[FILTERED]", "password" => "[FILTERED]", "commit" => "Sign in"}
[ef1bc473-133e-49e6-906e-c60c4ccedd0c] [31mUnpermitted parameters: :authenticity_token, :commit. Context: { controller: SessionsController, action: create, request: #<ActionDispatch::Request:0x000000012622bb00>, params: {"authenticity_token" => "[FILTERED]", "email_address" => "[FILTERED]", "password" => "[FILTERED]", "commit" => "Sign in", "controller" => "sessions", "action" => "create"} }[0m
[ef1bc473-133e-49e6-906e-c60c4ccedd0c]   [1m[36mUser Load (2.1ms)[0m  [1m[34mSELECT "users".* FROM "users" WHERE "users"."email_address" = 'admin@example.com' LIMIT 1 /*action='create',application='LendingRails',controller='sessions'*/[0m
[ef1bc473-133e-49e6-906e-c60c4ccedd0c]   ↳ app/controllers/sessions_controller.rb:10:in 'SessionsController#create'
[ef1bc473-133e-49e6-906e-c60c4ccedd0c] Redirected to http://localhost:3000/session/new
[ef1bc473-133e-49e6-906e-c60c4ccedd0c] ↳ app/controllers/sessions_controller.rb:18:in 'SessionsController#create'
[ef1bc473-133e-49e6-906e-c60c4ccedd0c] Completed 302 Found in 207ms (ActiveRecord: 2.1ms (1 query, 0 cached) | GC: 0.0ms)


[ed44a31b-ddce-4ede-bb88-be85ff326c09] Started GET "/session/new" for ::1 at 2026-03-31 00:18:46 +0530
[ed44a31b-ddce-4ede-bb88-be85ff326c09] Processing by SessionsController#new as HTML
[ed44a31b-ddce-4ede-bb88-be85ff326c09]   Rendering layout layouts/application.html.erb
[ed44a31b-ddce-4ede-bb88-be85ff326c09]   Rendering sessions/new.html.erb within layouts/application
[ed44a31b-ddce-4ede-bb88-be85ff326c09]   Rendered sessions/new.html.erb within layouts/application (Duration: 0.4ms | GC: 0.0ms)
[ed44a31b-ddce-4ede-bb88-be85ff326c09]   Rendered layout layouts/application.html.erb (Duration: 0.7ms | GC: 0.0ms)
[ed44a31b-ddce-4ede-bb88-be85ff326c09] Completed 200 OK in 2ms (Views: 0.9ms | ActiveRecord: 0.0ms (0 queries, 0 cached) | GC: 0.0ms)


[3e07f9c0-2dcc-4968-9a82-f2f6cd6c49bf] Started GET "/passwords/new" for ::1 at 2026-03-31 00:21:35 +0530
[3e07f9c0-2dcc-4968-9a82-f2f6cd6c49bf] Processing by PasswordsController#new as HTML
[3e07f9c0-2dcc-4968-9a82-f2f6cd6c49bf]   Rendering layout layouts/application.html.erb
[3e07f9c0-2dcc-4968-9a82-f2f6cd6c49bf]   Rendering passwords/new.html.erb within layouts/application
[3e07f9c0-2dcc-4968-9a82-f2f6cd6c49bf]   Rendered passwords/new.html.erb within layouts/application (Duration: 1.4ms | GC: 0.0ms)
[3e07f9c0-2dcc-4968-9a82-f2f6cd6c49bf]   Rendered layout layouts/application.html.erb (Duration: 2.1ms | GC: 0.0ms)
[3e07f9c0-2dcc-4968-9a82-f2f6cd6c49bf] Completed 200 OK in 7ms (Views: 3.7ms | ActiveRecord: 0.0ms (0 queries, 0 cached) | GC: 0.0ms)


  [1m[36mTRANSACTION (0.7ms)[0m  [1m[35mBEGIN /*application='LendingRails'*/[0m
  [1m[36mUser Exists? (1.6ms)[0m  [1m[34mSELECT 1 AS one FROM "users" WHERE LOWER("users"."email_address") = LOWER('admin@lendingrails.com') LIMIT 1 /*application='LendingRails'*/[0m
  [1m[36mUser Create (0.7ms)[0m  [1m[32mINSERT INTO "users" ("email_address", "password_digest", "created_at", "updated_at") VALUES ('admin@lendingrails.com', '$2a$12$9Y197seFsMOgOSWGO/.EuuAvYyiG3XjheV64Y.3QhPI0MG4VhIjvK', '2026-03-30 18:52:21.864987', '2026-03-30 18:52:21.864987') RETURNING "id" /*application='LendingRails'*/[0m
  [1m[36mPaperTrail::Version Create (0.6ms)[0m  [1m[32mINSERT INTO "versions" ("whodunnit", "created_at", "item_id", "item_type", "event", "object") VALUES (NULL, '2026-03-30 18:52:21.864987', 'cae5f0eb-eae9-4d16-90aa-4da8ab917b59', 'User', 'create', NULL) RETURNING "id" /*application='LendingRails'*/[0m
  [1m[36mTRANSACTION (1.7ms)[0m  [1m[35mCOMMIT /*application='LendingRails'*/[0m
[8519b82b-de1a-4234-944f-4e8ec42616c5] Started POST "/session" for ::1 at 2026-03-31 00:22:43 +0530
[8519b82b-de1a-4234-944f-4e8ec42616c5] Processing by SessionsController#create as HTML
[8519b82b-de1a-4234-944f-4e8ec42616c5]   Parameters: {"authenticity_token" => "[FILTERED]", "email_address" => "[FILTERED]", "password" => "[FILTERED]", "commit" => "Sign in"}
[8519b82b-de1a-4234-944f-4e8ec42616c5] [31mUnpermitted parameters: :authenticity_token, :commit. Context: { controller: SessionsController, action: create, request: #<ActionDispatch::Request:0x000000012674dde0>, params: {"authenticity_token" => "[FILTERED]", "email_address" => "[FILTERED]", "password" => "[FILTERED]", "commit" => "Sign in", "controller" => "sessions", "action" => "create"} }[0m
[8519b82b-de1a-4234-944f-4e8ec42616c5]   [1m[36mUser Load (1.9ms)[0m  [1m[34mSELECT "users".* FROM "users" WHERE "users"."email_address" = 'admin@lendingrails.com' LIMIT 1 /*action='create',application='LendingRails',controller='sessions'*/[0m
[8519b82b-de1a-4234-944f-4e8ec42616c5]   ↳ app/controllers/sessions_controller.rb:10:in 'SessionsController#create'
[8519b82b-de1a-4234-944f-4e8ec42616c5] Redirected to http://localhost:3000/session/new
[8519b82b-de1a-4234-944f-4e8ec42616c5] ↳ app/controllers/sessions_controller.rb:15:in 'SessionsController#create'
[8519b82b-de1a-4234-944f-4e8ec42616c5] Completed 302 Found in 212ms (ActiveRecord: 1.9ms (1 query, 0 cached) | GC: 0.0ms)


[5462fbc6-c909-4b9f-a290-e14a62ac60c6] Started GET "/session/new" for ::1 at 2026-03-31 00:22:43 +0530
[5462fbc6-c909-4b9f-a290-e14a62ac60c6] Processing by SessionsController#new as HTML
[5462fbc6-c909-4b9f-a290-e14a62ac60c6]   Rendering layout layouts/application.html.erb
[5462fbc6-c909-4b9f-a290-e14a62ac60c6]   Rendering sessions/new.html.erb within layouts/application
[5462fbc6-c909-4b9f-a290-e14a62ac60c6]   Rendered sessions/new.html.erb within layouts/application (Duration: 0.4ms | GC: 0.0ms)
[5462fbc6-c909-4b9f-a290-e14a62ac60c6]   Rendered layout layouts/application.html.erb (Duration: 0.7ms | GC: 0.0ms)
[5462fbc6-c909-4b9f-a290-e14a62ac60c6] Completed 200 OK in 2ms (Views: 0.9ms | ActiveRecord: 0.0ms (0 queries, 0 cached) | GC: 0.0ms)


  [1m[36mUser Pluck (0.4ms)[0m  [1m[34mSELECT "users"."email_address" FROM "users" ORDER BY "users"."email_address" ASC /*application='LendingRails'*/[0m
  [1m[36mUser Load (0.4ms)[0m  [1m[34mSELECT "users".* FROM "users" WHERE "users"."email_address" = 'admin@lendingrails.com' LIMIT 1 /*application='LendingRails'*/[0m
  [1m[36mUser Load (0.4ms)[0m  [1m[34mSELECT "users".* FROM "users" WHERE "users"."email_address" = 'admin@lendingrails.com' LIMIT 1 /*application='LendingRails'*/[0m
  [1m[36mActiveRecord::SchemaMigration Load (0.3ms)[0m  [1m[34mSELECT "schema_migrations"."version" FROM "schema_migrations" ORDER BY "schema_migrations"."version" ASC /*application='LendingRails'*/[0m
  [1m[36mUser Load (0.6ms)[0m  [1m[34mSELECT "users".* FROM "users" WHERE "users"."email_address" = 'admin@lendingrails.com' LIMIT 1 /*application='LendingRails'*/[0m
  ↳ app/services/admin_bootstrap.rb:7:in 'AdminBootstrap#call'
  [1m[36mActiveRecord::SchemaMigration Load (0.5ms)[0m  [1m[34mSELECT "schema_migrations"."version" FROM "schema_migrations" ORDER BY "schema_migrations"."version" ASC /*application='LendingRails'*/[0m
  [1m[36mUser Load (0.6ms)[0m  [1m[34mSELECT "users".* FROM "users" WHERE "users"."email_address" = 'admin@lendingrails.com' LIMIT 1 /*application='LendingRails'*/[0m
  ↳ app/services/admin_bootstrap.rb:7:in 'AdminBootstrap#call'
[ff77c1d1-6fdc-4609-863f-c568b6a3a2d6] Started GET "/" for ::1 at 2026-03-31 00:25:09 +0530
[ff77c1d1-6fdc-4609-863f-c568b6a3a2d6]   [1m[36mActiveRecord::SchemaMigration Load (0.7ms)[0m  [1m[34mSELECT "schema_migrations"."version" FROM "schema_migrations" ORDER BY "schema_migrations"."version" ASC /*application='LendingRails'*/[0m
[ff77c1d1-6fdc-4609-863f-c568b6a3a2d6] Processing by HomeController#index as HTML
[ff77c1d1-6fdc-4609-863f-c568b6a3a2d6] Redirected to http://localhost:3000/session/new
[ff77c1d1-6fdc-4609-863f-c568b6a3a2d6] ↳ app/controllers/concerns/authentication.rb:34:in 'Authentication#request_authentication'
[ff77c1d1-6fdc-4609-863f-c568b6a3a2d6] Filter chain halted as :require_authentication rendered or redirected
[ff77c1d1-6fdc-4609-863f-c568b6a3a2d6] Completed 302 Found in 10ms (ActiveRecord: 0.0ms (0 queries, 0 cached) | GC: 0.0ms)


[13a03c06-f464-4455-b084-88de075141bf] Started GET "/session/new" for ::1 at 2026-03-31 00:25:09 +0530
[13a03c06-f464-4455-b084-88de075141bf] Processing by SessionsController#new as HTML
[13a03c06-f464-4455-b084-88de075141bf]   Rendering layout layouts/application.html.erb
[13a03c06-f464-4455-b084-88de075141bf]   Rendering sessions/new.html.erb within layouts/application
[13a03c06-f464-4455-b084-88de075141bf]   Rendered sessions/new.html.erb within layouts/application (Duration: 1.8ms | GC: 0.0ms)
[13a03c06-f464-4455-b084-88de075141bf]   Rendered layout layouts/application.html.erb (Duration: 36.5ms | GC: 10.1ms)
[13a03c06-f464-4455-b084-88de075141bf] Completed 200 OK in 52ms (Views: 39.1ms | ActiveRecord: 0.0ms (0 queries, 0 cached) | GC: 10.1ms)


[4c415656-a4f1-447d-b0f6-10e489903316] Started POST "/session" for ::1 at 2026-03-31 00:25:15 +0530
[4c415656-a4f1-447d-b0f6-10e489903316] Processing by SessionsController#create as HTML
[4c415656-a4f1-447d-b0f6-10e489903316]   Parameters: {"authenticity_token" => "[FILTERED]", "email_address" => "[FILTERED]", "password" => "[FILTERED]", "commit" => "Sign in"}
[4c415656-a4f1-447d-b0f6-10e489903316] [31mUnpermitted parameters: :authenticity_token, :commit. Context: { controller: SessionsController, action: create, request: #<ActionDispatch::Request:0x0000000126a614a0>, params: {"authenticity_token" => "[FILTERED]", "email_address" => "[FILTERED]", "password" => "[FILTERED]", "commit" => "Sign in", "controller" => "sessions", "action" => "create"} }[0m
[4c415656-a4f1-447d-b0f6-10e489903316]   [1m[36mUser Load (0.9ms)[0m  [1m[34mSELECT "users".* FROM "users" WHERE "users"."email_address" = 'admin@lendingrails.com' LIMIT 1 /*action='create',application='LendingRails',controller='sessions'*/[0m
[4c415656-a4f1-447d-b0f6-10e489903316]   ↳ app/controllers/sessions_controller.rb:10:in 'SessionsController#create'
[4c415656-a4f1-447d-b0f6-10e489903316]   [1m[36mTRANSACTION (0.8ms)[0m  [1m[35mBEGIN /*action='create',application='LendingRails',controller='sessions'*/[0m
[4c415656-a4f1-447d-b0f6-10e489903316]   ↳ app/controllers/concerns/authentication.rb:42:in 'Authentication#start_new_session_for'
[4c415656-a4f1-447d-b0f6-10e489903316]   [1m[36mSession Create (3.7ms)[0m  [1m[32mINSERT INTO "sessions" ("user_id", "ip_address", "user_agent", "created_at", "updated_at") VALUES ('cae5f0eb-eae9-4d16-90aa-4da8ab917b59', '::1', 'Mozilla/5.0 (Macintosh; Intel Mac OS X 10_15_7) AppleWebKit/537.36 (KHTML, like Gecko) Chrome/146.0.0.0 Safari/537.36', '2026-03-30 18:55:15.603137', '2026-03-30 18:55:15.603137') RETURNING "id" /*action='create',application='LendingRails',controller='sessions'*/[0m
[4c415656-a4f1-447d-b0f6-10e489903316]   ↳ app/controllers/concerns/authentication.rb:42:in 'Authentication#start_new_session_for'
[4c415656-a4f1-447d-b0f6-10e489903316]   [1m[36mTRANSACTION (1.2ms)[0m  [1m[35mCOMMIT /*action='create',application='LendingRails',controller='sessions'*/[0m
[4c415656-a4f1-447d-b0f6-10e489903316]   ↳ app/controllers/concerns/authentication.rb:42:in 'Authentication#start_new_session_for'
[4c415656-a4f1-447d-b0f6-10e489903316] Redirected to http://localhost:3000/
[4c415656-a4f1-447d-b0f6-10e489903316] ↳ app/controllers/sessions_controller.rb:13:in 'SessionsController#create'
[4c415656-a4f1-447d-b0f6-10e489903316] Completed 302 Found in 275ms (ActiveRecord: 26.8ms (2 queries, 0 cached) | GC: 0.0ms)


[5e50d494-6ed3-4737-b4f9-acdcaa66de16] Started GET "/" for ::1 at 2026-03-31 00:25:15 +0530
[5e50d494-6ed3-4737-b4f9-acdcaa66de16] Processing by HomeController#index as HTML
[5e50d494-6ed3-4737-b4f9-acdcaa66de16]   [1m[36mSession Load (1.4ms)[0m  [1m[34mSELECT "sessions".* FROM "sessions" WHERE "sessions"."id" = '2e7ba910-0efb-4604-bd8b-74e113971b3b' LIMIT 1 /*action='index',application='LendingRails',controller='home'*/[0m
[5e50d494-6ed3-4737-b4f9-acdcaa66de16]   ↳ app/controllers/concerns/authentication.rb:29:in 'Authentication#find_session_by_cookie'
[5e50d494-6ed3-4737-b4f9-acdcaa66de16]   [1m[36mUser Load (0.5ms)[0m  [1m[34mSELECT "users".* FROM "users" WHERE "users"."id" = 'cae5f0eb-eae9-4d16-90aa-4da8ab917b59' LIMIT 1 /*action='index',application='LendingRails',controller='home'*/[0m
[5e50d494-6ed3-4737-b4f9-acdcaa66de16]   ↳ app/models/current.rb:3:in 'Current#user'
[5e50d494-6ed3-4737-b4f9-acdcaa66de16]   Rendering layout layouts/application.html.erb
[5e50d494-6ed3-4737-b4f9-acdcaa66de16]   Rendering home/index.html.erb within layouts/application
[5e50d494-6ed3-4737-b4f9-acdcaa66de16]   Rendered home/index.html.erb within layouts/application (Duration: 0.3ms | GC: 0.0ms)
[5e50d494-6ed3-4737-b4f9-acdcaa66de16]   Rendered layout layouts/application.html.erb (Duration: 0.8ms | GC: 0.0ms)
[5e50d494-6ed3-4737-b4f9-acdcaa66de16] Completed 200 OK in 6ms (Views: 1.7ms | ActiveRecord: 1.9ms (2 queries, 0 cached) | GC: 0.0ms)


[c1dc8992-15d2-4f4b-be51-f5d328b4248e] Started GET "/up" for ::1 at 2026-03-31 00:25:22 +0530
[c1dc8992-15d2-4f4b-be51-f5d328b4248e] Processing by Rails::HealthController#show as HTML
[c1dc8992-15d2-4f4b-be51-f5d328b4248e]   Rendering html template
[c1dc8992-15d2-4f4b-be51-f5d328b4248e]   Rendered html template (Duration: 0.0ms | GC: 0.0ms)
[c1dc8992-15d2-4f4b-be51-f5d328b4248e] Completed 200 OK in 5ms (Views: 2.4ms | ActiveRecord: 0.0ms (0 queries, 0 cached) | GC: 0.0ms)


[7b8836e5-a8de-4659-913a-7a4949195d6f] Started GET "/favicon.ico" for ::1 at 2026-03-31 00:25:22 +0530
[7b8836e5-a8de-4659-913a-7a4949195d6f]   
[7b8836e5-a8de-4659-913a-7a4949195d6f] ActionController::RoutingError (No route matches [GET] "/favicon.ico"):
[7b8836e5-a8de-4659-913a-7a4949195d6f]   
[9ee96319-7dcb-49a2-81f6-43c61861f071] Started GET "/session/new" for ::1 at 2026-03-31 00:25:27 +0530
[9ee96319-7dcb-49a2-81f6-43c61861f071] Processing by SessionsController#new as HTML
[9ee96319-7dcb-49a2-81f6-43c61861f071]   Rendering layout layouts/application.html.erb
[9ee96319-7dcb-49a2-81f6-43c61861f071]   Rendering sessions/new.html.erb within layouts/application
[9ee96319-7dcb-49a2-81f6-43c61861f071]   Rendered sessions/new.html.erb within layouts/application (Duration: 2.3ms | GC: 0.0ms)
[9ee96319-7dcb-49a2-81f6-43c61861f071]   Rendered layout layouts/application.html.erb (Duration: 3.7ms | GC: 0.0ms)
[9ee96319-7dcb-49a2-81f6-43c61861f071] Completed 200 OK in 8ms (Views: 4.5ms | ActiveRecord: 0.0ms (0 queries, 0 cached) | GC: 0.0ms)


[4fde822e-b233-4838-8e25-97e0682669ca] Started POST "/session" for ::1 at 2026-03-31 00:25:29 +0530
[4fde822e-b233-4838-8e25-97e0682669ca] Processing by SessionsController#create as HTML
[4fde822e-b233-4838-8e25-97e0682669ca]   Parameters: {"authenticity_token" => "[FILTERED]", "email_address" => "[FILTERED]", "password" => "[FILTERED]", "commit" => "Sign in"}
[4fde822e-b233-4838-8e25-97e0682669ca] [31mUnpermitted parameters: :authenticity_token, :commit. Context: { controller: SessionsController, action: create, request: #<ActionDispatch::Request:0x0000000126f2c4f8>, params: {"authenticity_token" => "[FILTERED]", "email_address" => "[FILTERED]", "password" => "[FILTERED]", "commit" => "Sign in", "controller" => "sessions", "action" => "create"} }[0m
[4fde822e-b233-4838-8e25-97e0682669ca]   [1m[36mUser Load (1.8ms)[0m  [1m[34mSELECT "users".* FROM "users" WHERE "users"."email_address" = 'admin@lendingrails.com' LIMIT 1 /*action='create',application='LendingRails',controller='sessions'*/[0m
[4fde822e-b233-4838-8e25-97e0682669ca]   ↳ app/controllers/sessions_controller.rb:10:in 'SessionsController#create'
[4fde822e-b233-4838-8e25-97e0682669ca]   [1m[36mTRANSACTION (1.8ms)[0m  [1m[35mBEGIN /*action='create',application='LendingRails',controller='sessions'*/[0m
[4fde822e-b233-4838-8e25-97e0682669ca]   ↳ app/controllers/concerns/authentication.rb:42:in 'Authentication#start_new_session_for'
[4fde822e-b233-4838-8e25-97e0682669ca]   [1m[36mSession Create (4.0ms)[0m  [1m[32mINSERT INTO "sessions" ("user_id", "ip_address", "user_agent", "created_at", "updated_at") VALUES ('cae5f0eb-eae9-4d16-90aa-4da8ab917b59', '::1', 'Mozilla/5.0 (Macintosh; Intel Mac OS X 10_15_7) AppleWebKit/537.36 (KHTML, like Gecko) Chrome/146.0.0.0 Safari/537.36', '2026-03-30 18:55:29.854258', '2026-03-30 18:55:29.854258') RETURNING "id" /*action='create',application='LendingRails',controller='sessions'*/[0m
[4fde822e-b233-4838-8e25-97e0682669ca]   ↳ app/controllers/concerns/authentication.rb:42:in 'Authentication#start_new_session_for'
[4fde822e-b233-4838-8e25-97e0682669ca]   [1m[36mTRANSACTION (1.6ms)[0m  [1m[35mCOMMIT /*action='create',application='LendingRails',controller='sessions'*/[0m
[4fde822e-b233-4838-8e25-97e0682669ca]   ↳ app/controllers/concerns/authentication.rb:42:in 'Authentication#start_new_session_for'
[4fde822e-b233-4838-8e25-97e0682669ca] Redirected to http://localhost:3000/
[4fde822e-b233-4838-8e25-97e0682669ca] ↳ app/controllers/sessions_controller.rb:13:in 'SessionsController#create'
[4fde822e-b233-4838-8e25-97e0682669ca] Completed 302 Found in 216ms (ActiveRecord: 9.2ms (2 queries, 0 cached) | GC: 0.0ms)


[1bcea088-27c8-4b81-87df-2dc3fbc7fa6b] Started GET "/" for ::1 at 2026-03-31 00:25:29 +0530
[1bcea088-27c8-4b81-87df-2dc3fbc7fa6b] Processing by HomeController#index as HTML
[1bcea088-27c8-4b81-87df-2dc3fbc7fa6b]   [1m[36mSession Load (1.5ms)[0m  [1m[34mSELECT "sessions".* FROM "sessions" WHERE "sessions"."id" = '20e5fbf5-a9e8-4c5f-8fc1-a673e43be7e9' LIMIT 1 /*action='index',application='LendingRails',controller='home'*/[0m
[1bcea088-27c8-4b81-87df-2dc3fbc7fa6b]   ↳ app/controllers/concerns/authentication.rb:29:in 'Authentication#find_session_by_cookie'
[1bcea088-27c8-4b81-87df-2dc3fbc7fa6b]   [1m[36mUser Load (0.6ms)[0m  [1m[34mSELECT "users".* FROM "users" WHERE "users"."id" = 'cae5f0eb-eae9-4d16-90aa-4da8ab917b59' LIMIT 1 /*action='index',application='LendingRails',controller='home'*/[0m
[1bcea088-27c8-4b81-87df-2dc3fbc7fa6b]   ↳ app/models/current.rb:3:in 'Current#user'
[1bcea088-27c8-4b81-87df-2dc3fbc7fa6b]   Rendering layout layouts/application.html.erb
[1bcea088-27c8-4b81-87df-2dc3fbc7fa6b]   Rendering home/index.html.erb within layouts/application
[1bcea088-27c8-4b81-87df-2dc3fbc7fa6b]   Rendered home/index.html.erb within layouts/application (Duration: 0.1ms | GC: 0.0ms)
[1bcea088-27c8-4b81-87df-2dc3fbc7fa6b]   Rendered layout layouts/application.html.erb (Duration: 0.5ms | GC: 0.0ms)
[1bcea088-27c8-4b81-87df-2dc3fbc7fa6b] Completed 200 OK in 5ms (Views: 0.7ms | ActiveRecord: 2.1ms (2 queries, 0 cached) | GC: 0.0ms)


[dotenv] Set [36mADMIN_EMAIL_ADDRESSES[0m, [36mADMIN_PASSWORD[0m
[dotenv] Loaded [33m.env[0m
  [1m[36mUser Load (1.6ms)[0m  [1m[34mSELECT "users".* FROM "users" WHERE "users"."email_address" = 'admin@lendingrails.com' LIMIT 1 /*application='LendingRails'*/[0m
[dotenv] Loaded [33m.env[0m
[dotenv] Loaded [33m.env[0m
[f9430668-9943-4d83-8998-43b9b52173ab] Started GET "/" for ::1 at 2026-03-31 00:27:59 +0530
[f9430668-9943-4d83-8998-43b9b52173ab]   [1m[36mActiveRecord::SchemaMigration Load (0.3ms)[0m  [1m[34mSELECT "schema_migrations"."version" FROM "schema_migrations" ORDER BY "schema_migrations"."version" ASC /*application='LendingRails'*/[0m
[f9430668-9943-4d83-8998-43b9b52173ab] Processing by HomeController#index as HTML
[f9430668-9943-4d83-8998-43b9b52173ab]   [1m[36mSession Load (0.3ms)[0m  [1m[34mSELECT "sessions".* FROM "sessions" WHERE "sessions"."id" = '20e5fbf5-a9e8-4c5f-8fc1-a673e43be7e9' LIMIT 1 /*action='index',application='LendingRails',controller='home'*/[0m
[f9430668-9943-4d83-8998-43b9b52173ab]   ↳ app/controllers/concerns/authentication.rb:29:in 'Authentication#find_session_by_cookie'
[f9430668-9943-4d83-8998-43b9b52173ab]   [1m[36mUser Load (0.3ms)[0m  [1m[34mSELECT "users".* FROM "users" WHERE "users"."id" = 'cae5f0eb-eae9-4d16-90aa-4da8ab917b59' LIMIT 1 /*action='index',application='LendingRails',controller='home'*/[0m
[f9430668-9943-4d83-8998-43b9b52173ab]   ↳ app/models/current.rb:3:in 'Current#user'
[f9430668-9943-4d83-8998-43b9b52173ab]   Rendering layout layouts/application.html.erb
[f9430668-9943-4d83-8998-43b9b52173ab]   Rendering home/index.html.erb within layouts/application
[f9430668-9943-4d83-8998-43b9b52173ab]   Rendered home/index.html.erb within layouts/application (Duration: 0.3ms | GC: 0.0ms)
[f9430668-9943-4d83-8998-43b9b52173ab]   Rendered layout layouts/application.html.erb (Duration: 27.9ms | GC: 0.9ms)
[f9430668-9943-4d83-8998-43b9b52173ab] Completed 200 OK in 93ms (Views: 30.8ms | ActiveRecord: 6.5ms (2 queries, 0 cached) | GC: 10.6ms)


